#-----------------------------------------------------------
# Vivado v2019.1.2 (64-bit)
# SW Build 2615518 on Fri Aug  9 15:53:29 MDT 2019
# IP Build 2614745 on Fri Aug  9 20:55:02 MDT 2019
# Start of session at: Mon Nov 11 15:07:12 2019
# Process ID: 2787
# Current directory: /afs/athena.mit.edu/user/t/r/trautman/6.111/6111project/sos
# Command line: vivado
# Log file: /afs/athena.mit.edu/user/t/r/trautman/6.111/6111project/sos/vivado.log
# Journal file: /afs/athena.mit.edu/user/t/r/trautman/6.111/6111project/sos/vivado.jou
#-----------------------------------------------------------
start_gui
open_project /afs/athena.mit.edu/user/t/r/trautman/6.111/6111project/sos/sos.xpr
Scanning sources...
Finished scanning sources
INFO: [IP_Flow 19-234] Refreshing IP repositories
INFO: [IP_Flow 19-1704] No user IP repositories specified
INFO: [IP_Flow 19-2313] Loaded Vivado IP repository '/var/local/xilinx-local/Vivado/2019.1/data/ip'.
open_project: Time (s): cpu = 00:00:11 ; elapsed = 00:00:07 . Memory (MB): peak = 6572.652 ; gain = 167.805 ; free physical = 3077 ; free virtual = 13050
update_compile_order -fileset sources_1
import_files -norecurse /afs/athena.mit.edu/user/t/r/trautman/6.111/lab3/lab3.srcs/sources_1/imports/Downloads/clk_wiz_lab3.v
update_compile_order -fileset sources_1
open_project /afs/athena.mit.edu/user/t/r/trautman/6.111/lab3/lab3.xpr
Scanning sources...
Finished scanning sources
INFO: [IP_Flow 19-234] Refreshing IP repositories
INFO: [IP_Flow 19-1704] No user IP repositories specified
INFO: [IP_Flow 19-2313] Loaded Vivado IP repository '/var/local/xilinx-local/Vivado/2019.1/data/ip'.
open_project: Time (s): cpu = 00:00:09 ; elapsed = 00:00:06 . Memory (MB): peak = 6709.699 ; gain = 53.062 ; free physical = 3059 ; free virtual = 13240
update_compile_order -fileset sources_1
current_project sos
WARNING: [IP_Flow 19-4067] Ignoring invalid widget type specified checkbox.Providing a default widget
WARNING: [IP_Flow 19-4067] Ignoring invalid widget type specified checkbox.Providing a default widget
create_ip -name blk_mem_gen -vendor xilinx.com -library ip -version 8.4 -module_name blk_mem_gen_0
set_property -dict [list CONFIG.Memory_Type {Simple_Dual_Port_RAM} CONFIG.Write_Depth_A {76800} CONFIG.Operating_Mode_A {NO_CHANGE} CONFIG.Enable_B {Use_ENB_Pin} CONFIG.Register_PortA_Output_of_Memory_Primitives {false} CONFIG.Register_PortB_Output_of_Memory_Primitives {true} CONFIG.Port_B_Clock {100} CONFIG.Port_B_Enable_Rate {100}] [get_ips blk_mem_gen_0]
generate_target {instantiation_template} [get_files /afs/athena.mit.edu/user/t/r/trautman/6.111/6111project/sos/sos.srcs/sources_1/ip/blk_mem_gen_0/blk_mem_gen_0.xci]
INFO: [IP_Flow 19-1686] Generating 'Instantiation Template' target for IP 'blk_mem_gen_0'...
generate_target all [get_files  /afs/athena.mit.edu/user/t/r/trautman/6.111/6111project/sos/sos.srcs/sources_1/ip/blk_mem_gen_0/blk_mem_gen_0.xci]
INFO: [IP_Flow 19-1686] Generating 'Synthesis' target for IP 'blk_mem_gen_0'...
INFO: [IP_Flow 19-1686] Generating 'Simulation' target for IP 'blk_mem_gen_0'...
INFO: [IP_Flow 19-1686] Generating 'Miscellaneous' target for IP 'blk_mem_gen_0'...
INFO: [IP_Flow 19-1686] Generating 'Change Log' target for IP 'blk_mem_gen_0'...
catch { config_ip_cache -export [get_ips -all blk_mem_gen_0] }
export_ip_user_files -of_objects [get_files /afs/athena.mit.edu/user/t/r/trautman/6.111/6111project/sos/sos.srcs/sources_1/ip/blk_mem_gen_0/blk_mem_gen_0.xci] -no_script -sync -force -quiet
create_ip_run [get_files -of_objects [get_fileset sources_1] /afs/athena.mit.edu/user/t/r/trautman/6.111/6111project/sos/sos.srcs/sources_1/ip/blk_mem_gen_0/blk_mem_gen_0.xci]
launch_runs -jobs 8 blk_mem_gen_0_synth_1
[Mon Nov 11 15:37:40 2019] Launched blk_mem_gen_0_synth_1...
Run output will be captured here: /afs/athena.mit.edu/user/t/r/trautman/6.111/6111project/sos/sos.runs/blk_mem_gen_0_synth_1/runme.log
export_simulation -of_objects [get_files /afs/athena.mit.edu/user/t/r/trautman/6.111/6111project/sos/sos.srcs/sources_1/ip/blk_mem_gen_0/blk_mem_gen_0.xci] -directory /afs/athena.mit.edu/user/t/r/trautman/6.111/6111project/sos/sos.ip_user_files/sim_scripts -ip_user_files_dir /afs/athena.mit.edu/user/t/r/trautman/6.111/6111project/sos/sos.ip_user_files -ipstatic_source_dir /afs/athena.mit.edu/user/t/r/trautman/6.111/6111project/sos/sos.ip_user_files/ipstatic -lib_map_path [list {modelsim=/afs/athena.mit.edu/user/t/r/trautman/6.111/6111project/sos/sos.cache/compile_simlib/modelsim} {questa=/afs/athena.mit.edu/user/t/r/trautman/6.111/6111project/sos/sos.cache/compile_simlib/questa} {ies=/afs/athena.mit.edu/user/t/r/trautman/6.111/6111project/sos/sos.cache/compile_simlib/ies} {xcelium=/afs/athena.mit.edu/user/t/r/trautman/6.111/6111project/sos/sos.cache/compile_simlib/xcelium} {vcs=/afs/athena.mit.edu/user/t/r/trautman/6.111/6111project/sos/sos.cache/compile_simlib/vcs} {riviera=/afs/athena.mit.edu/user/t/r/trautman/6.111/6111project/sos/sos.cache/compile_simlib/riviera}] -use_ip_compiled_libs -force -quiet
current_project lab3
current_project sos
current_project lab3
current_project sos
reset_run synth_1
reset_runs: Time (s): cpu = 00:00:03 ; elapsed = 00:02:06 . Memory (MB): peak = 7012.680 ; gain = 0.000 ; free physical = 1940 ; free virtual = 12902
launch_runs impl_1 -to_step write_bitstream -jobs 8
[Mon Nov 11 15:49:29 2019] Launched synth_1...
Run output will be captured here: /afs/athena.mit.edu/user/t/r/trautman/6.111/6111project/sos/sos.runs/synth_1/runme.log
[Mon Nov 11 15:49:29 2019] Launched impl_1...
Run output will be captured here: /afs/athena.mit.edu/user/t/r/trautman/6.111/6111project/sos/sos.runs/impl_1/runme.log
WARNING: [IP_Flow 19-4067] Ignoring invalid widget type specified checkbox.Providing a default widget
create_ip -name ila -vendor xilinx.com -library ip -version 6.2 -module_name ila_0
generate_target {instantiation_template} [get_files /afs/athena.mit.edu/user/t/r/trautman/6.111/6111project/sos/sos.srcs/sources_1/ip/ila_0/ila_0.xci]
INFO: [IP_Flow 19-1686] Generating 'Instantiation Template' target for IP 'ila_0'...
generate_target all [get_files  /afs/athena.mit.edu/user/t/r/trautman/6.111/6111project/sos/sos.srcs/sources_1/ip/ila_0/ila_0.xci]
INFO: [IP_Flow 19-1686] Generating 'Synthesis' target for IP 'ila_0'...
WARNING: [IP_Flow 19-4994] Overwriting existing constraint file '/afs/athena.mit.edu/user/t/r/trautman/6.111/6111project/sos/sos.srcs/sources_1/ip/ila_0/ila_0_ooc.xdc'
INFO: [IP_Flow 19-1686] Generating 'Simulation' target for IP 'ila_0'...
INFO: [IP_Flow 19-1686] Generating 'Implementation' target for IP 'ila_0'...
INFO: [IP_Flow 19-1686] Generating 'Change Log' target for IP 'ila_0'...
catch { config_ip_cache -export [get_ips -all ila_0] }
export_ip_user_files -of_objects [get_files /afs/athena.mit.edu/user/t/r/trautman/6.111/6111project/sos/sos.srcs/sources_1/ip/ila_0/ila_0.xci] -no_script -sync -force -quiet
create_ip_run [get_files -of_objects [get_fileset sources_1] /afs/athena.mit.edu/user/t/r/trautman/6.111/6111project/sos/sos.srcs/sources_1/ip/ila_0/ila_0.xci]
launch_runs -jobs 8 ila_0_synth_1
[Mon Nov 11 15:51:41 2019] Launched ila_0_synth_1...
Run output will be captured here: /afs/athena.mit.edu/user/t/r/trautman/6.111/6111project/sos/sos.runs/ila_0_synth_1/runme.log
export_simulation -of_objects [get_files /afs/athena.mit.edu/user/t/r/trautman/6.111/6111project/sos/sos.srcs/sources_1/ip/ila_0/ila_0.xci] -directory /afs/athena.mit.edu/user/t/r/trautman/6.111/6111project/sos/sos.ip_user_files/sim_scripts -ip_user_files_dir /afs/athena.mit.edu/user/t/r/trautman/6.111/6111project/sos/sos.ip_user_files -ipstatic_source_dir /afs/athena.mit.edu/user/t/r/trautman/6.111/6111project/sos/sos.ip_user_files/ipstatic -lib_map_path [list {modelsim=/afs/athena.mit.edu/user/t/r/trautman/6.111/6111project/sos/sos.cache/compile_simlib/modelsim} {questa=/afs/athena.mit.edu/user/t/r/trautman/6.111/6111project/sos/sos.cache/compile_simlib/questa} {ies=/afs/athena.mit.edu/user/t/r/trautman/6.111/6111project/sos/sos.cache/compile_simlib/ies} {xcelium=/afs/athena.mit.edu/user/t/r/trautman/6.111/6111project/sos/sos.cache/compile_simlib/xcelium} {vcs=/afs/athena.mit.edu/user/t/r/trautman/6.111/6111project/sos/sos.cache/compile_simlib/vcs} {riviera=/afs/athena.mit.edu/user/t/r/trautman/6.111/6111project/sos/sos.cache/compile_simlib/riviera}] -use_ip_compiled_libs -force -quiet
current_project lab3
current_project sos
reset_run synth_1
WARNING: [Vivado 12-1017] Problems encountered:
1. Failed to delete one or more files in run directory /afs/athena.mit.edu/user/t/r/trautman/6.111/6111project/sos/sos.runs/synth_1

reset_runs: Time (s): cpu = 00:00:01 ; elapsed = 00:00:30 . Memory (MB): peak = 7121.027 ; gain = 0.000 ; free physical = 872 ; free virtual = 11939
launch_runs impl_1 -to_step write_bitstream -jobs 8
[Mon Nov 11 15:52:25 2019] Launched ila_0_synth_1, synth_1...
Run output will be captured here:
ila_0_synth_1: /afs/athena.mit.edu/user/t/r/trautman/6.111/6111project/sos/sos.runs/ila_0_synth_1/runme.log
synth_1: /afs/athena.mit.edu/user/t/r/trautman/6.111/6111project/sos/sos.runs/synth_1/runme.log
[Mon Nov 11 15:52:25 2019] Launched impl_1...
Run output will be captured here: /afs/athena.mit.edu/user/t/r/trautman/6.111/6111project/sos/sos.runs/impl_1/runme.log
WARNING: [IP_Flow 19-4067] Ignoring invalid widget type specified checkbox.Providing a default widget
export_ip_user_files -of_objects  [get_files /afs/athena.mit.edu/user/t/r/trautman/6.111/6111project/sos/sos.srcs/sources_1/ip/ila_0/ila_0.xci] -no_script -reset -force -quiet
remove_files  -fileset ila_0 /afs/athena.mit.edu/user/t/r/trautman/6.111/6111project/sos/sos.srcs/sources_1/ip/ila_0/ila_0.xci
INFO: [Project 1-386] Moving file '/afs/athena.mit.edu/user/t/r/trautman/6.111/6111project/sos/sos.srcs/sources_1/ip/ila_0/ila_0.xci' from fileset 'ila_0' to fileset 'sources_1'.
reset_run synth_1
reset_runs: Time (s): cpu = 00:00:02 ; elapsed = 00:00:30 . Memory (MB): peak = 7121.027 ; gain = 0.000 ; free physical = 1230 ; free virtual = 12418
launch_runs impl_1 -to_step write_bitstream -jobs 8
[Mon Nov 11 15:56:29 2019] Launched synth_1...
Run output will be captured here: /afs/athena.mit.edu/user/t/r/trautman/6.111/6111project/sos/sos.runs/synth_1/runme.log
[Mon Nov 11 15:56:29 2019] Launched impl_1...
Run output will be captured here: /afs/athena.mit.edu/user/t/r/trautman/6.111/6111project/sos/sos.runs/impl_1/runme.log
WARNING: [IP_Flow 19-4067] Ignoring invalid widget type specified checkbox.Providing a default widget
WARNING: [IP_Flow 19-4067] Ignoring invalid widget type specified checkbox.Providing a default widget
set_property -dict [list CONFIG.Enable_A {Always_Enabled}] [get_ips blk_mem_gen_0]
generate_target all [get_files  /afs/athena.mit.edu/user/t/r/trautman/6.111/6111project/sos/sos.srcs/sources_1/ip/blk_mem_gen_0/blk_mem_gen_0.xci]
INFO: [IP_Flow 19-1686] Generating 'Instantiation Template' target for IP 'blk_mem_gen_0'...
INFO: [IP_Flow 19-1686] Generating 'Synthesis' target for IP 'blk_mem_gen_0'...
INFO: [IP_Flow 19-1686] Generating 'Simulation' target for IP 'blk_mem_gen_0'...
INFO: [IP_Flow 19-1686] Generating 'Miscellaneous' target for IP 'blk_mem_gen_0'...
INFO: [IP_Flow 19-1686] Generating 'Change Log' target for IP 'blk_mem_gen_0'...
catch { config_ip_cache -export [get_ips -all blk_mem_gen_0] }
export_ip_user_files -of_objects [get_files /afs/athena.mit.edu/user/t/r/trautman/6.111/6111project/sos/sos.srcs/sources_1/ip/blk_mem_gen_0/blk_mem_gen_0.xci] -no_script -sync -force -quiet
reset_run blk_mem_gen_0_synth_1
launch_runs -jobs 8 blk_mem_gen_0_synth_1
[Mon Nov 11 15:58:48 2019] Launched blk_mem_gen_0_synth_1...
Run output will be captured here: /afs/athena.mit.edu/user/t/r/trautman/6.111/6111project/sos/sos.runs/blk_mem_gen_0_synth_1/runme.log
export_simulation -of_objects [get_files /afs/athena.mit.edu/user/t/r/trautman/6.111/6111project/sos/sos.srcs/sources_1/ip/blk_mem_gen_0/blk_mem_gen_0.xci] -directory /afs/athena.mit.edu/user/t/r/trautman/6.111/6111project/sos/sos.ip_user_files/sim_scripts -ip_user_files_dir /afs/athena.mit.edu/user/t/r/trautman/6.111/6111project/sos/sos.ip_user_files -ipstatic_source_dir /afs/athena.mit.edu/user/t/r/trautman/6.111/6111project/sos/sos.ip_user_files/ipstatic -lib_map_path [list {modelsim=/afs/athena.mit.edu/user/t/r/trautman/6.111/6111project/sos/sos.cache/compile_simlib/modelsim} {questa=/afs/athena.mit.edu/user/t/r/trautman/6.111/6111project/sos/sos.cache/compile_simlib/questa} {ies=/afs/athena.mit.edu/user/t/r/trautman/6.111/6111project/sos/sos.cache/compile_simlib/ies} {xcelium=/afs/athena.mit.edu/user/t/r/trautman/6.111/6111project/sos/sos.cache/compile_simlib/xcelium} {vcs=/afs/athena.mit.edu/user/t/r/trautman/6.111/6111project/sos/sos.cache/compile_simlib/vcs} {riviera=/afs/athena.mit.edu/user/t/r/trautman/6.111/6111project/sos/sos.cache/compile_simlib/riviera}] -use_ip_compiled_libs -force -quiet
current_project lab3
current_project sos
reset_run synth_1
reset_runs: Time (s): cpu = 00:00:00.75 ; elapsed = 00:00:12 . Memory (MB): peak = 7233.789 ; gain = 0.000 ; free physical = 1292 ; free virtual = 12409
launch_runs impl_1 -to_step write_bitstream -jobs 8
[Mon Nov 11 16:01:22 2019] Launched synth_1...
Run output will be captured here: /afs/athena.mit.edu/user/t/r/trautman/6.111/6111project/sos/sos.runs/synth_1/runme.log
[Mon Nov 11 16:01:23 2019] Launched impl_1...
Run output will be captured here: /afs/athena.mit.edu/user/t/r/trautman/6.111/6111project/sos/sos.runs/impl_1/runme.log
current_project lab3
close_project
WARNING: [IP_Flow 19-4067] Ignoring invalid widget type specified checkbox.Providing a default widget
WARNING: [IP_Flow 19-4067] Ignoring invalid widget type specified checkbox.Providing a default widget
WARNING: [IP_Flow 19-4067] Ignoring invalid widget type specified checkbox.Providing a default widget
WARNING: [IP_Flow 19-4067] Ignoring invalid widget type specified checkbox.Providing a default widget
set_property -dict [list CONFIG.Enable_B {Always_Enabled}] [get_ips blk_mem_gen_0]
generate_target all [get_files  /afs/athena.mit.edu/user/t/r/trautman/6.111/6111project/sos/sos.srcs/sources_1/ip/blk_mem_gen_0/blk_mem_gen_0.xci]
INFO: [IP_Flow 19-1686] Generating 'Instantiation Template' target for IP 'blk_mem_gen_0'...
INFO: [IP_Flow 19-1686] Generating 'Synthesis' target for IP 'blk_mem_gen_0'...
INFO: [IP_Flow 19-1686] Generating 'Simulation' target for IP 'blk_mem_gen_0'...
INFO: [IP_Flow 19-1686] Generating 'Miscellaneous' target for IP 'blk_mem_gen_0'...
INFO: [IP_Flow 19-1686] Generating 'Change Log' target for IP 'blk_mem_gen_0'...
catch { config_ip_cache -export [get_ips -all blk_mem_gen_0] }
export_ip_user_files -of_objects [get_files /afs/athena.mit.edu/user/t/r/trautman/6.111/6111project/sos/sos.srcs/sources_1/ip/blk_mem_gen_0/blk_mem_gen_0.xci] -no_script -sync -force -quiet
reset_run blk_mem_gen_0_synth_1
launch_runs -jobs 8 blk_mem_gen_0_synth_1
[Mon Nov 11 16:02:34 2019] Launched blk_mem_gen_0_synth_1...
Run output will be captured here: /afs/athena.mit.edu/user/t/r/trautman/6.111/6111project/sos/sos.runs/blk_mem_gen_0_synth_1/runme.log
export_simulation -of_objects [get_files /afs/athena.mit.edu/user/t/r/trautman/6.111/6111project/sos/sos.srcs/sources_1/ip/blk_mem_gen_0/blk_mem_gen_0.xci] -directory /afs/athena.mit.edu/user/t/r/trautman/6.111/6111project/sos/sos.ip_user_files/sim_scripts -ip_user_files_dir /afs/athena.mit.edu/user/t/r/trautman/6.111/6111project/sos/sos.ip_user_files -ipstatic_source_dir /afs/athena.mit.edu/user/t/r/trautman/6.111/6111project/sos/sos.ip_user_files/ipstatic -lib_map_path [list {modelsim=/afs/athena.mit.edu/user/t/r/trautman/6.111/6111project/sos/sos.cache/compile_simlib/modelsim} {questa=/afs/athena.mit.edu/user/t/r/trautman/6.111/6111project/sos/sos.cache/compile_simlib/questa} {ies=/afs/athena.mit.edu/user/t/r/trautman/6.111/6111project/sos/sos.cache/compile_simlib/ies} {xcelium=/afs/athena.mit.edu/user/t/r/trautman/6.111/6111project/sos/sos.cache/compile_simlib/xcelium} {vcs=/afs/athena.mit.edu/user/t/r/trautman/6.111/6111project/sos/sos.cache/compile_simlib/vcs} {riviera=/afs/athena.mit.edu/user/t/r/trautman/6.111/6111project/sos/sos.cache/compile_simlib/riviera}] -use_ip_compiled_libs -force -quiet
reset_run synth_1
reset_runs: Time (s): cpu = 00:00:00.67 ; elapsed = 00:00:12 . Memory (MB): peak = 7233.789 ; gain = 0.000 ; free physical = 1240 ; free virtual = 12387
launch_runs impl_1 -to_step write_bitstream -jobs 8
[Mon Nov 11 16:04:55 2019] Launched synth_1...
Run output will be captured here: /afs/athena.mit.edu/user/t/r/trautman/6.111/6111project/sos/sos.runs/synth_1/runme.log
[Mon Nov 11 16:04:55 2019] Launched impl_1...
Run output will be captured here: /afs/athena.mit.edu/user/t/r/trautman/6.111/6111project/sos/sos.runs/impl_1/runme.log
open_hw
connect_hw_server
INFO: [Labtools 27-2285] Connecting to hw_server url TCP:localhost:3121
INFO: [Labtools 27-2222] Launching hw_server...
INFO: [Labtools 27-2221] Launch Output:

****** Xilinx hw_server v2019.1.2
  **** Build date : Aug  9 2019 at 18:23:23
    ** Copyright 1986-2019 Xilinx, Inc. All Rights Reserved.


open_hw_target
INFO: [Labtoolstcl 44-466] Opening hw_target localhost:3121/xilinx_tcf/Digilent/210292645522A
ERROR: [Labtools 27-2269] No devices detected on target localhost:3121/xilinx_tcf/Digilent/210292645522A.
Check cable connectivity and that the target board is powered up then
use the disconnect_hw_server and connect_hw_server to re-register this hardware target.
ERROR: [Common 17-39] 'open_hw_target' failed due to earlier errors.
refresh_hw_device [lindex [get_hw_devices xc7a100t_0] 0]
INFO: [Labtools 27-1435] Device xc7a100t (JTAG device index = 0) is not programmed (DONE status = 0).
set_property PROBES.FILE {} [get_hw_devices xc7a100t_0]
set_property FULL_PROBES.FILE {} [get_hw_devices xc7a100t_0]
set_property PROGRAM.FILE {/afs/athena.mit.edu/user/t/r/trautman/6.111/6111project/sos/sos.runs/impl_1/top_level.bit} [get_hw_devices xc7a100t_0]
program_hw_devices [get_hw_devices xc7a100t_0]
INFO: [Labtools 27-3164] End of startup status: HIGH
refresh_hw_device [lindex [get_hw_devices xc7a100t_0] 0]
INFO: [Labtools 27-1434] Device xc7a100t (JTAG device index = 0) is programmed with a design that has no supported debug core(s) in it.
