
*** Running vivado
    with args -log top_level.vds -m64 -product Vivado -mode batch -messageDb vivado.pb -notrace -source top_level.tcl


****** Vivado v2019.1.2 (64-bit)
  **** SW Build 2615518 on Fri Aug  9 15:53:29 MDT 2019
  **** IP Build 2614745 on Fri Aug  9 20:55:02 MDT 2019
    ** Copyright 1986-2019 Xilinx, Inc. All Rights Reserved.

source top_level.tcl -notrace
Command: synth_design -top top_level -part xc7a100tcsg324-1
Starting synth_design
Attempting to get a license for feature 'Synthesis' and/or device 'xc7a100t'
INFO: [Common 17-349] Got license for feature 'Synthesis' and/or device 'xc7a100t'
INFO: [Device 21-403] Loading part xc7a100tcsg324-1
INFO: Launching helper process for spawning children vivado processes
INFO: Helper process launched with PID 30086 
---------------------------------------------------------------------------------
Starting RTL Elaboration : Time (s): cpu = 00:00:02 ; elapsed = 00:00:03 . Memory (MB): peak = 1798.398 ; gain = 153.496 ; free physical = 280 ; free virtual = 10983
---------------------------------------------------------------------------------
INFO: [Synth 8-6157] synthesizing module 'top_level' [/afs/athena.mit.edu/user/t/r/trautman/6.111/6111project/sos/sos.srcs/sources_1/new/top_level.sv:12]
ERROR: [Synth 8-439] module 'clk_wiz_lab3' not found [/afs/athena.mit.edu/user/t/r/trautman/6.111/6111project/sos/sos.srcs/sources_1/new/top_level.sv:34]
ERROR: [Synth 8-6156] failed synthesizing module 'top_level' [/afs/athena.mit.edu/user/t/r/trautman/6.111/6111project/sos/sos.srcs/sources_1/new/top_level.sv:12]
---------------------------------------------------------------------------------
Finished RTL Elaboration : Time (s): cpu = 00:00:03 ; elapsed = 00:00:04 . Memory (MB): peak = 1851.148 ; gain = 206.246 ; free physical = 315 ; free virtual = 11006
---------------------------------------------------------------------------------
RTL Elaboration failed
INFO: [Common 17-83] Releasing license: Synthesis
4 Infos, 0 Warnings, 0 Critical Warnings and 3 Errors encountered.
synth_design failed
ERROR: [Common 17-69] Command failed: Synthesis failed - please see the console or run log file for details
INFO: [Common 17-206] Exiting Vivado at Fri Nov  8 14:33:30 2019...
